2025-07-18 13:43:24,674 - ubuntu-fai.build - INFO - logger:log_build_start:175 - 开始构建进程 - 配置文件: /Users/bytedance/Documents/Workspace/Ubuntu-FAI/config-working.json
2025-07-18 13:43:24,675 - ubuntu-fai.build - INFO - logger:log_phase_start:194 - 开始阶段: config_validation
2025-07-18 13:43:24,675 - ubuntu-fai.builder - INFO - build:load_and_validate_config:71 - Loading configuration from /Users/bytedance/Documents/Workspace/Ubuntu-FAI/config-working.json
2025-07-18 13:43:24,676 - ubuntu-fai.config - INFO - logger:log_config_validation:220 - 配置验证通过: /Users/bytedance/Documents/Workspace/Ubuntu-FAI/config-working.json
2025-07-18 13:43:24,676 - ubuntu-fai.config - WARNING - logger:log_config_validation:223 - 配置警告: Consider using key size 512 for stronger encryption
2025-07-18 13:43:24,676 - ubuntu-fai.config - WARNING - logger:log_config_validation:223 - 配置警告: First-boot execution is enabled but no scripts specified. Consider disabling first-boot or adding scripts.
2025-07-18 13:43:24,676 - ubuntu-fai.builder - WARNING - build:load_and_validate_config:99 - Configuration warning: Consider using key size 512 for stronger encryption
2025-07-18 13:43:24,676 - ubuntu-fai.builder - WARNING - build:load_and_validate_config:99 - Configuration warning: First-boot execution is enabled but no scripts specified. Consider disabling first-boot or adding scripts.
2025-07-18 13:43:24,676 - ubuntu-fai.build - INFO - logger:log_phase_end:210 - 阶段 config_validation 完成 - 耗时: 0.00s
2025-07-18 13:43:24,676 - ubuntu-fai.builder - INFO - build:load_and_validate_config:108 - Configuration loaded and validated successfully
2025-07-18 13:43:24,676 - ubuntu-fai.build - INFO - logger:log_phase_start:194 - 开始阶段: asset_download
2025-07-18 13:43:24,676 - ubuntu-fai.builder - INFO - build:download_assets:130 - Downloading required assets...
2025-07-18 13:43:24,677 - ubuntu-fai.build - INFO - logger:log_phase_end:210 - 阶段 asset_download 完成 - 耗时: 0.00s
2025-07-18 13:43:24,677 - ubuntu-fai.builder - INFO - build:download_assets:155 - Asset downloads completed
2025-07-18 13:43:24,677 - ubuntu-fai.build - INFO - logger:log_phase_start:194 - 开始阶段: autoinstall_generation
2025-07-18 13:43:24,677 - ubuntu-fai.builder - INFO - build:generate_autoinstall_config:176 - Generating autoinstall configuration...
2025-07-18 13:43:24,686 - ubuntu-fai.template - INFO - logger:log_template_generation:249 - 模板生成成功: user-data.yaml.j2 -> output/user-data.yaml
2025-07-18 13:43:24,686 - ubuntu-fai.build - INFO - logger:log_phase_end:210 - 阶段 autoinstall_generation 完成 - 耗时: 0.01s
2025-07-18 13:43:24,686 - ubuntu-fai.builder - INFO - build:generate_autoinstall_config:191 - Autoinstall configuration generated: output/user-data.yaml
2025-07-18 13:43:24,686 - ubuntu-fai.build - INFO - logger:log_phase_start:194 - 开始阶段: fai_generation
2025-07-18 13:43:24,687 - ubuntu-fai.builder - INFO - build:generate_fai_config:217 - Generating FAI configuration...
2025-07-18 13:43:24,748 - ubuntu-fai.build - INFO - logger:log_phase_end:210 - 阶段 fai_generation 完成 - 耗时: 0.06s
2025-07-18 13:43:24,748 - ubuntu-fai.builder - INFO - build:generate_fai_config:229 - FAI configuration generated: output/fai-config
2025-07-18 13:43:24,748 - ubuntu-fai.build - INFO - logger:log_phase_start:194 - 开始阶段: first_boot_generation
2025-07-18 13:43:24,748 - ubuntu-fai.builder - INFO - build:generate_first_boot_config:252 - Generating first-boot configuration...
2025-07-18 13:43:24,756 - ubuntu-fai.build - INFO - logger:log_phase_end:210 - 阶段 first_boot_generation 完成 - 耗时: 0.01s
2025-07-18 13:43:24,756 - ubuntu-fai.builder - INFO - build:generate_first_boot_config:264 - First-boot configuration generated: output/first-boot
2025-07-18 13:43:24,756 - ubuntu-fai.builder - INFO - build:build:402 - Skipping FAI build as requested
2025-07-18 13:43:24,756 - ubuntu-fai.builder - INFO - build:build:407 - Configuration generation completed in 0.08s
2025-07-18 13:43:24,756 - ubuntu-fai.builder - INFO - build:build:409 - Phase timings:
2025-07-18 13:43:24,756 - ubuntu-fai.builder - INFO - build:build:411 -   config_validation: 0.00s
2025-07-18 13:43:24,756 - ubuntu-fai.builder - INFO - build:build:411 -   asset_download: 0.00s
2025-07-18 13:43:24,756 - ubuntu-fai.builder - INFO - build:build:411 -   autoinstall_generation: 0.01s
2025-07-18 13:43:24,756 - ubuntu-fai.builder - INFO - build:build:411 -   fai_generation: 0.06s
2025-07-18 13:43:24,756 - ubuntu-fai.builder - INFO - build:build:411 -   first_boot_generation: 0.01s
2025-07-18 13:43:24,756 - ubuntu-fai.builder - INFO - build:cleanup_temp_files:355 - Cleaning up temporary files...
2025-07-18 13:43:24,757 - ubuntu-fai.build - INFO - logger:log_build_end:184 - 构建成功完成 - 耗时: 0.08s
2025-07-18 13:43:24,757 - ubuntu-fai.main - INFO - build:main:511 - Configuration files generated in: output
2025-07-18 14:07:53,483 - ubuntu-fai.build - INFO - logger:log_build_start:175 - 开始构建进程 - 配置文件: /Users/bytedance/Documents/Workspace/Ubuntu-FAI/config.json.example
2025-07-18 14:07:53,484 - ubuntu-fai.build - INFO - logger:log_phase_start:194 - 开始阶段: config_validation
2025-07-18 14:07:53,484 - ubuntu-fai.builder - INFO - build:load_and_validate_config:71 - Loading configuration from /Users/bytedance/Documents/Workspace/Ubuntu-FAI/config.json.example
2025-07-18 14:07:53,485 - ubuntu-fai.build - ERROR - logger:log_phase_end:212 - 阶段 config_validation 失败 - 耗时: 0.00s
2025-07-18 14:07:53,486 - ubuntu-fai.builder - ERROR - build:load_and_validate_config:117 - Failed to load configuration: 1 validation error for BuildConfig
  Value error, Dell hardware may have issues with key sizes > 256 bits [type=value_error, input_value={'_comment': 'Ubuntu FAI ...depending on packages'}}, input_type=dict]
    For further information visit https://errors.pydantic.dev/2.9/v/value_error
2025-07-18 14:07:53,486 - ubuntu-fai.builder - ERROR - build:build:417 - Build failed: 1 validation error for BuildConfig
  Value error, Dell hardware may have issues with key sizes > 256 bits [type=value_error, input_value={'_comment': 'Ubuntu FAI ...depending on packages'}}, input_type=dict]
    For further information visit https://errors.pydantic.dev/2.9/v/value_error
2025-07-18 14:07:53,486 - ubuntu-fai.builder - INFO - build:cleanup_temp_files:355 - Cleaning up temporary files...
2025-07-18 14:07:53,486 - ubuntu-fai.build - ERROR - logger:log_build_end:186 - 构建失败 - 耗时: 0.00s
2025-07-18 14:07:53,486 - ubuntu-fai.main - ERROR - build:main:528 - Build failed: 1 validation error for BuildConfig
  Value error, Dell hardware may have issues with key sizes > 256 bits [type=value_error, input_value={'_comment': 'Ubuntu FAI ...depending on packages'}}, input_type=dict]
    For further information visit https://errors.pydantic.dev/2.9/v/value_error
2025-07-18 14:08:27,186 - ubuntu-fai.build - INFO - logger:log_build_start:175 - 开始构建进程 - 配置文件: /Users/bytedance/Documents/Workspace/Ubuntu-FAI/config.json.example
2025-07-18 14:08:27,187 - ubuntu-fai.build - INFO - logger:log_phase_start:194 - 开始阶段: config_validation
2025-07-18 14:08:27,187 - ubuntu-fai.builder - INFO - build:load_and_validate_config:71 - Loading configuration from /Users/bytedance/Documents/Workspace/Ubuntu-FAI/config.json.example
2025-07-18 14:08:27,188 - ubuntu-fai.config - ERROR - logger:log_config_validation:225 - 配置验证失败: /Users/bytedance/Documents/Workspace/Ubuntu-FAI/config.json.example
2025-07-18 14:08:27,188 - ubuntu-fai.config - ERROR - logger:log_config_validation:228 - 配置错误: Reserved username not allowed: admin
2025-07-18 14:08:27,188 - ubuntu-fai.build - ERROR - logger:log_phase_end:212 - 阶段 config_validation 失败 - 耗时: 0.00s
2025-07-18 14:08:27,188 - ubuntu-fai.builder - ERROR - build:load_and_validate_config:117 - Failed to load configuration: Configuration validation failed: ['Reserved username not allowed: admin']
2025-07-18 14:08:27,188 - ubuntu-fai.builder - ERROR - build:build:417 - Build failed: Configuration validation failed: ['Reserved username not allowed: admin']
2025-07-18 14:08:27,188 - ubuntu-fai.builder - INFO - build:cleanup_temp_files:355 - Cleaning up temporary files...
2025-07-18 14:08:27,188 - ubuntu-fai.build - ERROR - logger:log_build_end:186 - 构建失败 - 耗时: 0.00s
2025-07-18 14:08:27,188 - ubuntu-fai.main - ERROR - build:main:528 - Build failed: Configuration validation failed: ['Reserved username not allowed: admin']
2025-07-18 14:08:47,152 - ubuntu-fai.build - INFO - logger:log_build_start:175 - 开始构建进程 - 配置文件: /Users/bytedance/Documents/Workspace/Ubuntu-FAI/config.json.example
2025-07-18 14:08:47,153 - ubuntu-fai.build - INFO - logger:log_phase_start:194 - 开始阶段: config_validation
2025-07-18 14:08:47,154 - ubuntu-fai.builder - INFO - build:load_and_validate_config:71 - Loading configuration from /Users/bytedance/Documents/Workspace/Ubuntu-FAI/config.json.example
2025-07-18 14:08:47,154 - ubuntu-fai.config - INFO - logger:log_config_validation:220 - 配置验证通过: /Users/bytedance/Documents/Workspace/Ubuntu-FAI/config.json.example
2025-07-18 14:08:47,154 - ubuntu-fai.config - WARNING - logger:log_config_validation:223 - 配置警告: Consider using key size 512 for stronger encryption
2025-07-18 14:08:47,154 - ubuntu-fai.builder - WARNING - build:load_and_validate_config:99 - Configuration warning: Consider using key size 512 for stronger encryption
2025-07-18 14:08:47,155 - ubuntu-fai.build - INFO - logger:log_phase_end:210 - 阶段 config_validation 完成 - 耗时: 0.00s
2025-07-18 14:08:47,155 - ubuntu-fai.builder - INFO - build:load_and_validate_config:108 - Configuration loaded and validated successfully
2025-07-18 14:08:47,155 - ubuntu-fai.build - INFO - logger:log_phase_start:194 - 开始阶段: asset_download
2025-07-18 14:08:47,155 - ubuntu-fai.builder - INFO - build:download_assets:130 - Downloading required assets...
2025-07-18 14:08:47,156 - ubuntu-fai.builder - INFO - build:download_assets:138 - Downloading 2 packages...
2025-07-18 14:08:59,819 - ubuntu-fai.builder - INFO - build:download_assets:146 - Downloading 3 scripts...
2025-07-18 14:09:00,112 - ubuntu-fai.build - ERROR - logger:log_phase_end:212 - 阶段 asset_download 失败 - 耗时: 12.96s
2025-07-18 14:09:00,112 - ubuntu-fai.builder - ERROR - build:download_assets:162 - Asset download failed: 404 Client Error: Not Found for url: https://raw.githubusercontent.com/example/scripts/main/system-setup.sh
2025-07-18 14:09:00,113 - ubuntu-fai.builder - ERROR - build:build:417 - Build failed: 404 Client Error: Not Found for url: https://raw.githubusercontent.com/example/scripts/main/system-setup.sh
2025-07-18 14:09:00,113 - ubuntu-fai.builder - INFO - build:cleanup_temp_files:355 - Cleaning up temporary files...
2025-07-18 14:09:00,113 - ubuntu-fai.build - ERROR - logger:log_build_end:186 - 构建失败 - 耗时: 12.96s
2025-07-18 14:09:00,113 - ubuntu-fai.main - ERROR - build:main:528 - Build failed: 404 Client Error: Not Found for url: https://raw.githubusercontent.com/example/scripts/main/system-setup.sh
2025-07-18 14:09:10,994 - ubuntu-fai.build - INFO - logger:log_build_start:175 - 开始构建进程 - 配置文件: /Users/bytedance/Documents/Workspace/Ubuntu-FAI/config.json.example
2025-07-18 14:09:10,995 - ubuntu-fai.build - INFO - logger:log_phase_start:194 - 开始阶段: config_validation
2025-07-18 14:09:10,995 - ubuntu-fai.builder - INFO - build:load_and_validate_config:71 - Loading configuration from /Users/bytedance/Documents/Workspace/Ubuntu-FAI/config.json.example
2025-07-18 14:09:10,996 - ubuntu-fai.config - INFO - logger:log_config_validation:220 - 配置验证通过: /Users/bytedance/Documents/Workspace/Ubuntu-FAI/config.json.example
2025-07-18 14:09:10,996 - ubuntu-fai.config - WARNING - logger:log_config_validation:223 - 配置警告: Consider using key size 512 for stronger encryption
2025-07-18 14:09:10,996 - ubuntu-fai.builder - WARNING - build:load_and_validate_config:99 - Configuration warning: Consider using key size 512 for stronger encryption
2025-07-18 14:09:10,996 - ubuntu-fai.build - INFO - logger:log_phase_end:210 - 阶段 config_validation 完成 - 耗时: 0.00s
2025-07-18 14:09:10,996 - ubuntu-fai.builder - INFO - build:load_and_validate_config:108 - Configuration loaded and validated successfully
2025-07-18 14:09:10,996 - ubuntu-fai.builder - INFO - build:build:379 - Skipping asset downloads as requested
2025-07-18 14:09:10,996 - ubuntu-fai.build - INFO - logger:log_phase_start:194 - 开始阶段: autoinstall_generation
2025-07-18 14:09:10,996 - ubuntu-fai.builder - INFO - build:generate_autoinstall_config:176 - Generating autoinstall configuration...
2025-07-18 14:09:11,002 - ubuntu-fai.template - INFO - logger:log_template_generation:249 - 模板生成成功: user-data.yaml.j2 -> output/user-data.yaml
2025-07-18 14:09:11,002 - ubuntu-fai.build - INFO - logger:log_phase_end:210 - 阶段 autoinstall_generation 完成 - 耗时: 0.01s
2025-07-18 14:09:11,002 - ubuntu-fai.builder - INFO - build:generate_autoinstall_config:191 - Autoinstall configuration generated: output/user-data.yaml
2025-07-18 14:09:11,002 - ubuntu-fai.build - INFO - logger:log_phase_start:194 - 开始阶段: fai_generation
2025-07-18 14:09:11,002 - ubuntu-fai.builder - INFO - build:generate_fai_config:217 - Generating FAI configuration...
2025-07-18 14:09:11,083 - ubuntu-fai.build - INFO - logger:log_phase_end:210 - 阶段 fai_generation 完成 - 耗时: 0.08s
2025-07-18 14:09:11,083 - ubuntu-fai.builder - INFO - build:generate_fai_config:229 - FAI configuration generated: output/fai-config
2025-07-18 14:09:11,083 - ubuntu-fai.build - INFO - logger:log_phase_start:194 - 开始阶段: first_boot_generation
2025-07-18 14:09:11,084 - ubuntu-fai.builder - INFO - build:generate_first_boot_config:252 - Generating first-boot configuration...
2025-07-18 14:09:11,090 - ubuntu-fai.build - ERROR - logger:log_phase_end:212 - 阶段 first_boot_generation 失败 - 耗时: 0.01s
2025-07-18 14:09:11,090 - ubuntu-fai.builder - ERROR - build:generate_first_boot_config:273 - First-boot configuration generation failed: 'FirstBootScript' object has no attribute 'name'
2025-07-18 14:09:11,090 - ubuntu-fai.builder - ERROR - build:build:417 - Build failed: 'FirstBootScript' object has no attribute 'name'
2025-07-18 14:09:11,090 - ubuntu-fai.builder - INFO - build:cleanup_temp_files:355 - Cleaning up temporary files...
2025-07-18 14:09:11,091 - ubuntu-fai.build - ERROR - logger:log_build_end:186 - 构建失败 - 耗时: 0.10s
2025-07-18 14:09:11,091 - ubuntu-fai.main - ERROR - build:main:528 - Build failed: 'FirstBootScript' object has no attribute 'name'
2025-07-18 14:11:34,976 - ubuntu-fai.build - INFO - logger:log_build_start:175 - 开始构建进程 - 配置文件: /Users/bytedance/Documents/Workspace/Ubuntu-FAI/config.json.example
2025-07-18 14:11:34,977 - ubuntu-fai.build - INFO - logger:log_phase_start:194 - 开始阶段: config_validation
2025-07-18 14:11:34,977 - ubuntu-fai.builder - INFO - build:load_and_validate_config:71 - Loading configuration from /Users/bytedance/Documents/Workspace/Ubuntu-FAI/config.json.example
2025-07-18 14:11:34,978 - ubuntu-fai.config - INFO - logger:log_config_validation:220 - 配置验证通过: /Users/bytedance/Documents/Workspace/Ubuntu-FAI/config.json.example
2025-07-18 14:11:34,978 - ubuntu-fai.config - WARNING - logger:log_config_validation:223 - 配置警告: Consider using key size 512 for stronger encryption
2025-07-18 14:11:34,978 - ubuntu-fai.builder - WARNING - build:load_and_validate_config:99 - Configuration warning: Consider using key size 512 for stronger encryption
2025-07-18 14:11:34,978 - ubuntu-fai.build - INFO - logger:log_phase_end:210 - 阶段 config_validation 完成 - 耗时: 0.00s
2025-07-18 14:11:34,978 - ubuntu-fai.builder - INFO - build:load_and_validate_config:108 - Configuration loaded and validated successfully
2025-07-18 14:11:34,978 - ubuntu-fai.build - INFO - logger:log_phase_start:194 - 开始阶段: asset_download
2025-07-18 14:11:34,978 - ubuntu-fai.builder - INFO - build:download_assets:130 - Downloading required assets...
2025-07-18 14:11:34,979 - ubuntu-fai.builder - INFO - build:download_assets:138 - Downloading 2 packages...
2025-07-18 14:11:34,979 - ubuntu-fai.builder - INFO - build:download_assets:146 - Downloading 3 scripts...
2025-07-18 14:11:35,171 - ubuntu-fai.build - ERROR - logger:log_phase_end:212 - 阶段 asset_download 失败 - 耗时: 0.19s
2025-07-18 14:11:35,172 - ubuntu-fai.builder - ERROR - build:download_assets:162 - Asset download failed: 404 Client Error: Not Found for url: https://raw.githubusercontent.com/example/scripts/main/system-setup.sh
2025-07-18 14:11:35,172 - ubuntu-fai.builder - ERROR - build:build:417 - Build failed: 404 Client Error: Not Found for url: https://raw.githubusercontent.com/example/scripts/main/system-setup.sh
2025-07-18 14:11:35,172 - ubuntu-fai.builder - INFO - build:cleanup_temp_files:355 - Cleaning up temporary files...
2025-07-18 14:11:35,172 - ubuntu-fai.build - ERROR - logger:log_build_end:186 - 构建失败 - 耗时: 0.20s
2025-07-18 14:11:35,172 - ubuntu-fai.main - ERROR - build:main:528 - Build failed: 404 Client Error: Not Found for url: https://raw.githubusercontent.com/example/scripts/main/system-setup.sh
2025-07-18 14:11:48,060 - ubuntu-fai.build - INFO - logger:log_build_start:175 - 开始构建进程 - 配置文件: /Users/bytedance/Documents/Workspace/Ubuntu-FAI/config.json.example
2025-07-18 14:11:48,061 - ubuntu-fai.build - INFO - logger:log_phase_start:194 - 开始阶段: config_validation
2025-07-18 14:11:48,061 - ubuntu-fai.builder - INFO - build:load_and_validate_config:71 - Loading configuration from /Users/bytedance/Documents/Workspace/Ubuntu-FAI/config.json.example
2025-07-18 14:11:48,062 - ubuntu-fai.config - INFO - logger:log_config_validation:220 - 配置验证通过: /Users/bytedance/Documents/Workspace/Ubuntu-FAI/config.json.example
2025-07-18 14:11:48,063 - ubuntu-fai.config - WARNING - logger:log_config_validation:223 - 配置警告: Consider using key size 512 for stronger encryption
2025-07-18 14:11:48,063 - ubuntu-fai.builder - WARNING - build:load_and_validate_config:99 - Configuration warning: Consider using key size 512 for stronger encryption
2025-07-18 14:11:48,063 - ubuntu-fai.build - INFO - logger:log_phase_end:210 - 阶段 config_validation 完成 - 耗时: 0.00s
2025-07-18 14:11:48,063 - ubuntu-fai.builder - INFO - build:load_and_validate_config:108 - Configuration loaded and validated successfully
2025-07-18 14:11:48,063 - ubuntu-fai.builder - INFO - build:build:379 - Skipping asset downloads as requested
2025-07-18 14:11:48,063 - ubuntu-fai.build - INFO - logger:log_phase_start:194 - 开始阶段: autoinstall_generation
2025-07-18 14:11:48,063 - ubuntu-fai.builder - INFO - build:generate_autoinstall_config:176 - Generating autoinstall configuration...
2025-07-18 14:11:48,070 - ubuntu-fai.template - INFO - logger:log_template_generation:249 - 模板生成成功: user-data.yaml.j2 -> output/user-data.yaml
2025-07-18 14:11:48,070 - ubuntu-fai.build - INFO - logger:log_phase_end:210 - 阶段 autoinstall_generation 完成 - 耗时: 0.01s
2025-07-18 14:11:48,070 - ubuntu-fai.builder - INFO - build:generate_autoinstall_config:191 - Autoinstall configuration generated: output/user-data.yaml
2025-07-18 14:11:48,070 - ubuntu-fai.build - INFO - logger:log_phase_start:194 - 开始阶段: fai_generation
2025-07-18 14:11:48,070 - ubuntu-fai.builder - INFO - build:generate_fai_config:217 - Generating FAI configuration...
2025-07-18 14:11:48,148 - ubuntu-fai.build - INFO - logger:log_phase_end:210 - 阶段 fai_generation 完成 - 耗时: 0.08s
2025-07-18 14:11:48,149 - ubuntu-fai.builder - INFO - build:generate_fai_config:229 - FAI configuration generated: output/fai-config
2025-07-18 14:11:48,149 - ubuntu-fai.build - INFO - logger:log_phase_start:194 - 开始阶段: first_boot_generation
2025-07-18 14:11:48,149 - ubuntu-fai.builder - INFO - build:generate_first_boot_config:252 - Generating first-boot configuration...
2025-07-18 14:11:48,155 - ubuntu-fai.build - INFO - logger:log_phase_end:210 - 阶段 first_boot_generation 完成 - 耗时: 0.01s
2025-07-18 14:11:48,155 - ubuntu-fai.builder - INFO - build:generate_first_boot_config:264 - First-boot configuration generated: output/first-boot
2025-07-18 14:11:48,155 - ubuntu-fai.builder - INFO - build:build:402 - Skipping FAI build as requested
2025-07-18 14:11:48,155 - ubuntu-fai.builder - INFO - build:build:407 - Configuration generation completed in 0.09s
2025-07-18 14:11:48,155 - ubuntu-fai.builder - INFO - build:build:409 - Phase timings:
2025-07-18 14:11:48,155 - ubuntu-fai.builder - INFO - build:build:411 -   config_validation: 0.00s
2025-07-18 14:11:48,155 - ubuntu-fai.builder - INFO - build:build:411 -   autoinstall_generation: 0.01s
2025-07-18 14:11:48,155 - ubuntu-fai.builder - INFO - build:build:411 -   fai_generation: 0.08s
2025-07-18 14:11:48,155 - ubuntu-fai.builder - INFO - build:build:411 -   first_boot_generation: 0.01s
2025-07-18 14:11:48,155 - ubuntu-fai.builder - INFO - build:cleanup_temp_files:355 - Cleaning up temporary files...
2025-07-18 14:11:48,156 - ubuntu-fai.build - INFO - logger:log_build_end:184 - 构建成功完成 - 耗时: 0.10s
2025-07-18 14:11:48,156 - ubuntu-fai.main - INFO - build:main:511 - Configuration files generated in: output
